<?xml version="1.0" encoding="UTF-8"?>
<!-- Generated by org.testng.reporters.JUnitReportReporter -->
<testsuite skipped="0" hostname="DESKTOP-7D1OLRH" name="Testcase1" tests="1" failures="0" timestamp="17 Apr 2020 06:48:34 GMT" time="68.771" errors="0">
  <testcase name="busBooking" time="68.771" classname="Testcase1"/>
</testsuite> <!-- Testcase1 -->
