<?xml version="1.0" encoding="UTF-8"?>
<!-- Generated by org.testng.reporters.JUnitReportReporter -->
<testsuite skipped="0" hostname="DESKTOP-7D1OLRH" name="Testcase2" tests="1" failures="0" timestamp="13 Apr 2020 07:08:56 GMT" time="40.538" errors="0">
  <testcase name="busBooking" time="40.538" classname="Testcase2"/>
</testsuite> <!-- Testcase2 -->
